producer_class	xtools.gsea.Gsea
producer_timestamp	1631285406300
param	zip_report	false
param	num	100
param	scoring_scheme	weighted
param	norm	meandiv
param	out	/mnt/Data/Single-cell_Analysis/Projects/IPL/Liegeois_humanAM/github/Human_Monocytes/10 - GSEA on DE genes/GSEA results
param	mode	Max_probe
param	include_only_symbols	true
param	set_max	500
param	gmx	ftp.broadinstitute.org://pub/gsea/gene_sets/c5.go.mf.v7.4.symbols.gmt
param	plot_top_x	20
param	nperm	100
param	order	descending
param	rpt_label	Cluster1vsCluster0_GO_MF
param	rnd_seed	timestamp
param	set_min	15
param	res	/mnt/Data/Single-cell_Analysis/Projects/IPL/Liegeois_humanAM/github/Human_Monocytes/10 - GSEA on DE genes/AssayData_RNA_data_all_monocytes_all_sample.txt
param	chip	/mnt/Data/Single-cell_Analysis/Projects/IPL/Liegeois_humanAM/github/Human_Monocytes/10 - GSEA on DE genes/geneRef.chip
param	create_svgs	false
param	cls	/mnt/Data/Single-cell_Analysis/Projects/IPL/Liegeois_humanAM/github/Human_Monocytes/10 - GSEA on DE genes/Class_all_monocytes_all_sample_with_header.cls#1_versus_0
param	sort	real
param	create_gcts	false
param	help	false
param	save_rnd_lists	false
param	median	false
param	metric	Signal2Noise
param	make_sets	true
param	rnd_type	no_balance
param	gui	false
param	permute	phenotype
param	collapse	Collapse

file	/mnt/Data/Single-cell_Analysis/Projects/IPL/Liegeois_humanAM/github/Human_Monocytes/10 - GSEA on DE genes/GSEA results/Cluster1vsCluster0_GO_MF.Gsea.1631285406300/index.html
